<?xml version="1.0" encoding="UTF-8"?>
<!-- Generated by org.testng.reporters.JUnitXMLReporter -->
<testsuite ignored="0" hostname="DESKTOP-NAM685B" failures="0" tests="15" name="PartiesTest" time="490.434" errors="0" timestamp="2024-06-23T18:33:56 ICT">
  <testcase classname="pos.tests.parties.customerstest.CreateCustomerTest" name="createCustomerTest" time="27.943"/>
  <testcase classname="pos.tests.parties.customerstest.CreateCustomerTest" name="createCustomerTest" time="32.103"/>
  <testcase classname="pos.tests.parties.customerstest.CreateCustomerTest" name="createCustomerTest" time="26.779"/>
  <testcase classname="pos.tests.parties.customerstest.CreateCustomerTest" name="createCustomerTest" time="32.131"/>
  <testcase classname="pos.tests.parties.customerstest.CreateCustomerTest" name="createCustomerTest" time="30.471"/>
  <testcase classname="pos.tests.parties.customerstest.CreateCustomerTest" name="createCustomerTest" time="28.303"/>
  <testcase classname="pos.tests.parties.customerstest.CreateCustomerTest" name="createCustomerTest" time="29.898"/>
  <testcase classname="pos.tests.parties.customerstest.CreateCustomerTest" name="createCustomerTest" time="30.743"/>
  <testcase classname="pos.tests.parties.customerstest.CreateCustomerTest" name="createCustomerTest" time="32.0"/>
  <testcase classname="pos.tests.parties.customerstest.CreateCustomerTest" name="createCustomerTest" time="30.152"/>
  <testcase classname="pos.tests.parties.supplierstest.CreateSupplierTest" name="createSupplierTest" time="28.669"/>
  <testcase classname="pos.tests.parties.supplierstest.CreateSupplierTest" name="createSupplierTest" time="18.306"/>
  <testcase classname="pos.tests.parties.supplierstest.CreateSupplierTest" name="createSupplierTest" time="16.752"/>
  <testcase classname="pos.tests.parties.supplierstest.CreateSupplierTest" name="createSupplierTest" time="16.57"/>
  <testcase classname="pos.tests.parties.supplierstest.CreateSupplierTest" name="createSupplierTest" time="16.607"/>
</testsuite> <!-- PartiesTest -->
