<?xml version="1.0" encoding="UTF-8"?>
<!-- Generated by org.testng.reporters.JUnitXMLReporter -->
<testsuite ignored="0" hostname="DESKTOP-NAM685B" failures="0" tests="3" name="Package Specific Tests" time="0.062" errors="0" timestamp="2024-04-25T04:00:20 ICT">
  <testcase classname="testng.NewTest" name="aFastTest" time="0.009"/>
  <testcase classname="testng.NewTest" name="aMediumTest" time="0.002"/>
  <testcase classname="testng.NewTest" name="aSlowTest" time="0.001"/>
</testsuite> <!-- Package Specific Tests -->
