<?xml version="1.0" encoding="UTF-8"?>
<testng-results ignored="0" total="1" passed="1" failed="0" skipped="0">
  <reporter-output>
  </reporter-output>
  <suite started-at="2024-05-06T03:07:24 ICT" name="Default suite" finished-at="2024-05-06T03:07:31 ICT" duration-ms="6696">
    <groups>
    </groups>
    <test started-at="2024-05-06T03:07:24 ICT" name="Default test" finished-at="2024-05-06T03:07:31 ICT" duration-ms="6696">
      <class name="pos.tests.products.category.DeleteCategoryTest">
        <test-method is-config="true" signature="launchApplication()[pri:0, instance:pos.tests.products.category.DeleteCategoryTest@3bb9a3ff]" started-at="2024-05-06T03:07:24 ICT" name="launchApplication" finished-at="2024-05-06T03:07:27 ICT" duration-ms="2228" status="PASS">
          <reporter-output>
          </reporter-output>
        </test-method> <!-- launchApplication -->
        <test-method signature="deleteCategory()[pri:0, instance:pos.tests.products.category.DeleteCategoryTest@3bb9a3ff]" started-at="2024-05-06T03:07:27 ICT" name="deleteCategory" finished-at="2024-05-06T03:07:31 ICT" duration-ms="4436" status="PASS">
          <reporter-output>
          </reporter-output>
        </test-method> <!-- deleteCategory -->
      </class> <!-- pos.tests.products.category.DeleteCategoryTest -->
    </test> <!-- Default test -->
  </suite> <!-- Default suite -->
</testng-results>
