<?xml version="1.0" encoding="UTF-8"?>
<!-- Generated by org.testng.reporters.JUnitXMLReporter -->
<testsuite ignored="0" hostname="DESKTOP-NAM685B" failures="0" tests="3" name="RolesTest" time="102.365" errors="0" timestamp="2024-06-23T17:35:06 ICT">
  <testcase classname="pos.tests.usermanagement.rolespermissions.CreateRoleTest" name="createRoleTest" time="34.467"/>
  <testcase classname="pos.tests.usermanagement.rolespermissions.CreateRoleTest" name="createRoleTest" time="32.086"/>
  <testcase classname="pos.tests.usermanagement.rolespermissions.CreateRoleTest" name="createRoleTest" time="26.906"/>
</testsuite> <!-- RolesTest -->
