<?xml version="1.0" encoding="UTF-8"?>
<!-- Generated by org.testng.reporters.JUnitXMLReporter -->
<testsuite ignored="0" hostname="DESKTOP-NAM685B" failures="0" tests="7" name="UnitsTest" time="97.518" errors="0" timestamp="2024-07-10T17:09:41 ICT">
  <testcase classname="pos.tests.settings.units.CreateUnitTest" name="createProductTest" time="7.792"/>
  <testcase classname="pos.tests.settings.units.CreateUnitTest" name="createProductTest" time="7.049"/>
  <testcase classname="pos.tests.settings.units.CreateUnitTest" name="createProductTest" time="8.432"/>
  <testcase classname="pos.tests.settings.units.CreateUnitTest" name="createProductTest" time="5.32"/>
  <testcase classname="pos.tests.settings.units.VisibleUnitsTableTest" name="visibleUnitsTableTest" time="3.579"/>
  <testcase classname="pos.tests.settings.units.UpdateUnitTest" name="updateUnitTest" time="5.261"/>
  <testcase classname="pos.tests.settings.units.DeleteUnitTest" name="deleteUnitTest" time="4.538"/>
</testsuite> <!-- UnitsTest -->
