<?xml version="1.0" encoding="UTF-8"?>
<!-- Generated by org.testng.reporters.JUnitXMLReporter -->
<testsuite ignored="0" hostname="DESKTOP-NAM685B" failures="0" tests="13" name="CustomersTest" time="166.55" errors="0" timestamp="2024-06-30T14:10:59 ICT">
  <testcase classname="pos.tests.parties.customerstest.CreateCustomerTest" name="createCustomerTest" time="9.927"/>
  <testcase classname="pos.tests.parties.customerstest.CreateCustomerTest" name="createCustomerTest" time="10.517"/>
  <testcase classname="pos.tests.parties.customerstest.CreateCustomerTest" name="createCustomerTest" time="11.096"/>
  <testcase classname="pos.tests.parties.customerstest.CreateCustomerTest" name="createCustomerTest" time="10.895"/>
  <testcase classname="pos.tests.parties.customerstest.CreateCustomerTest" name="createCustomerTest" time="9.603"/>
  <testcase classname="pos.tests.parties.customerstest.CreateCustomerTest" name="createCustomerTest" time="10.745"/>
  <testcase classname="pos.tests.parties.customerstest.CreateCustomerTest" name="createCustomerTest" time="10.197"/>
  <testcase classname="pos.tests.parties.customerstest.CreateCustomerTest" name="createCustomerTest" time="10.708"/>
  <testcase classname="pos.tests.parties.customerstest.CreateCustomerTest" name="createCustomerTest" time="11.724"/>
  <testcase classname="pos.tests.parties.customerstest.CreateCustomerTest" name="createCustomerTest" time="10.843"/>
  <testcase classname="pos.tests.parties.customerstest.VisibleCustomerTableTest" name="visibleCustomerTableTest" time="5.872"/>
  <testcase classname="pos.tests.parties.customerstest.UpdateCustomerTest" name="updateCustomerTest" time="11.027"/>
  <testcase classname="pos.tests.parties.customerstest.DeleteCustomerTest" name="deleteCustomerTest" time="9.426"/>
</testsuite> <!-- CustomersTest -->
