<?xml version="1.0" encoding="UTF-8"?>
<!-- Generated by org.testng.reporters.JUnitXMLReporter -->
<testsuite ignored="0" hostname="DESKTOP-NAM685B" failures="0" tests="14" name="ExpensesTest" time="146.755" errors="0" timestamp="2024-06-30T14:24:13 ICT">
  <testcase classname="pos.tests.expenses.expensecategories.CreateExpenseCategoryTest" name="createCreateExpenseCategoryTest" time="8.719"/>
  <testcase classname="pos.tests.expenses.expensecategories.CreateExpenseCategoryTest" name="createCreateExpenseCategoryTest" time="8.076"/>
  <testcase classname="pos.tests.expenses.expensecategories.CreateExpenseCategoryTest" name="createCreateExpenseCategoryTest" time="8.094"/>
  <testcase classname="pos.tests.expenses.expensecategories.CreateExpenseCategoryTest" name="createCreateExpenseCategoryTest" time="7.952"/>
  <testcase classname="pos.tests.expenses.expense.CreateExpenseTest" name="createCustomerTest" time="7.743"/>
  <testcase classname="pos.tests.expenses.expense.CreateExpenseTest" name="createCustomerTest" time="7.662"/>
  <testcase classname="pos.tests.expenses.expense.CreateExpenseTest" name="createCustomerTest" time="7.584"/>
  <testcase classname="pos.tests.expenses.expense.CreateExpenseTest" name="createCustomerTest" time="7.731"/>
  <testcase classname="pos.tests.expenses.expense.CreateExpenseTest" name="createCustomerTest" time="7.698"/>
  <testcase classname="pos.tests.expenses.expense.CreateExpenseTest" name="createCustomerTest" time="7.629"/>
  <testcase classname="pos.tests.expenses.expense.CreateExpenseTest" name="createCustomerTest" time="7.625"/>
  <testcase classname="pos.tests.expenses.expense.CreateExpenseTest" name="createCustomerTest" time="7.577"/>
  <testcase classname="pos.tests.expenses.expense.CreateExpenseTest" name="createCustomerTest" time="7.695"/>
  <testcase classname="pos.tests.expenses.expense.CreateExpenseTest" name="createCustomerTest" time="8.39"/>
</testsuite> <!-- ExpensesTest -->
